TN:
SF:server.js
FN:70,loadTilemapFromFile
FN:80,parseTilemapToGameLogic
FN:182,detectContentBounds
FN:324,getCurrentMap
FN:350,createDefaultMap
FN:364,loadNewMap
FN:394,(anonymous_6)
FN:408,(anonymous_7)
FN:424,ensureSafeStartingPositions
FN:431,(anonymous_9)
FN:477,findSafeStartingPositions
FN:518,updateStartingPositionsForMap
FN:528,findAvailablePlayerSlot
FN:538,getConnectedPlayerCount
FN:543,createCustomizedGameState
FN:566,broadcastCustomizedGameState
FN:609,isAdjacent
FN:616,checkDoorWinCondition
FN:628,(anonymous_18)
FN:637,(anonymous_19)
FN:650,assignRandomItems
FN:670,advanceToNextLevel
FN:710,(anonymous_22)
FN:742,checkWinCondition
FN:772,(anonymous_24)
FN:786,startGame
FN:803,switchTurn
FN:825,(anonymous_27)
FN:877,(anonymous_28)
FN:976,(anonymous_29)
FN:1042,(anonymous_30)
FN:1127,(anonymous_31)
FN:1214,(anonymous_32)
FN:1257,(anonymous_33)
FN:1264,(anonymous_34)
FN:1286,(anonymous_35)
FN:1292,(anonymous_36)
FN:1329,(anonymous_37)
FN:1344,(anonymous_38)
FNF:39
FNH:0
FNDA:0,loadTilemapFromFile
FNDA:0,parseTilemapToGameLogic
FNDA:0,detectContentBounds
FNDA:0,getCurrentMap
FNDA:0,createDefaultMap
FNDA:0,loadNewMap
FNDA:0,(anonymous_6)
FNDA:0,(anonymous_7)
FNDA:0,ensureSafeStartingPositions
FNDA:0,(anonymous_9)
FNDA:0,findSafeStartingPositions
FNDA:0,updateStartingPositionsForMap
FNDA:0,findAvailablePlayerSlot
FNDA:0,getConnectedPlayerCount
FNDA:0,createCustomizedGameState
FNDA:0,broadcastCustomizedGameState
FNDA:0,isAdjacent
FNDA:0,checkDoorWinCondition
FNDA:0,(anonymous_18)
FNDA:0,(anonymous_19)
FNDA:0,assignRandomItems
FNDA:0,advanceToNextLevel
FNDA:0,(anonymous_22)
FNDA:0,checkWinCondition
FNDA:0,(anonymous_24)
FNDA:0,startGame
FNDA:0,switchTurn
FNDA:0,(anonymous_27)
FNDA:0,(anonymous_28)
FNDA:0,(anonymous_29)
FNDA:0,(anonymous_30)
FNDA:0,(anonymous_31)
FNDA:0,(anonymous_32)
FNDA:0,(anonymous_33)
FNDA:0,(anonymous_34)
FNDA:0,(anonymous_35)
FNDA:0,(anonymous_36)
FNDA:0,(anonymous_37)
FNDA:0,(anonymous_38)
DA:1,0
DA:2,0
DA:3,0
DA:4,0
DA:5,0
DA:6,0
DA:8,0
DA:9,0
DA:12,0
DA:18,0
DA:21,0
DA:26,0
DA:30,0
DA:71,0
DA:72,0
DA:73,0
DA:75,0
DA:76,0
DA:81,0
DA:82,0
DA:83,0
DA:84,0
DA:87,0
DA:88,0
DA:89,0
DA:92,0
DA:93,0
DA:97,0
DA:98,0
DA:100,0
DA:102,0
DA:103,0
DA:104,0
DA:105,0
DA:107,0
DA:108,0
DA:110,0
DA:111,0
DA:116,0
DA:118,0
DA:119,0
DA:120,0
DA:121,0
DA:122,0
DA:124,0
DA:125,0
DA:126,0
DA:127,0
DA:128,0
DA:129,0
DA:131,0
DA:132,0
DA:134,0
DA:135,0
DA:146,0
DA:149,0
DA:150,0
DA:151,0
DA:152,0
DA:153,0
DA:154,0
DA:167,0
DA:170,0
DA:176,0
DA:177,0
DA:183,0
DA:184,0
DA:185,0
DA:186,0
DA:189,0
DA:190,0
DA:191,0
DA:193,0
DA:194,0
DA:195,0
DA:196,0
DA:197,0
DA:203,0
DA:204,0
DA:205,0
DA:206,0
DA:209,0
DA:210,0
DA:213,0
DA:224,0
DA:302,0
DA:305,0
DA:306,0
DA:309,0
DA:315,0
DA:325,0
DA:326,0
DA:327,0
DA:328,0
DA:329,0
DA:330,0
DA:334,0
DA:335,0
DA:337,0
DA:338,0
DA:339,0
DA:341,0
DA:343,0
DA:344,0
DA:345,0
DA:351,0
DA:366,0
DA:367,0
DA:370,0
DA:371,0
DA:372,0
DA:373,0
DA:377,0
DA:380,0
DA:381,0
DA:382,0
DA:383,0
DA:386,0
DA:390,0
DA:391,0
DA:393,0
DA:394,0
DA:396,0
DA:397,0
DA:401,0
DA:402,0
DA:404,0
DA:405,0
DA:407,0
DA:408,0
DA:413,0
DA:416,0
DA:418,0
DA:425,0
DA:427,0
DA:428,0
DA:430,0
DA:431,0
DA:432,0
DA:437,0
DA:438,0
DA:440,0
DA:444,0
DA:448,0
DA:471,0
DA:478,0
DA:479,0
DA:481,0
DA:482,0
DA:485,0
DA:488,0
DA:489,0
DA:490,0
DA:492,0
DA:497,0
DA:499,0
DA:500,0
DA:502,0
DA:508,0
DA:509,0
DA:510,0
DA:519,0
DA:520,0
DA:522,0
DA:529,0
DA:530,0
DA:531,0
DA:532,0
DA:534,0
DA:539,0
DA:544,0
DA:545,0
DA:546,0
DA:547,0
DA:550,0
DA:557,0
DA:558,0
DA:560,0
DA:561,0
DA:567,0
DA:568,0
DA:569,0
DA:570,0
DA:573,0
DA:574,0
DA:576,0
DA:577,0
DA:578,0
DA:579,0
DA:580,0
DA:581,0
DA:584,0
DA:585,0
DA:586,0
DA:587,0
DA:589,0
DA:590,0
DA:593,0
DA:594,0
DA:598,0
DA:599,0
DA:604,0
DA:610,0
DA:611,0
DA:612,0
DA:617,0
DA:618,0
DA:621,0
DA:622,0
DA:623,0
DA:627,0
DA:628,0
DA:631,0
DA:632,0
DA:633,0
DA:634,0
DA:637,0
DA:638,0
DA:642,0
DA:643,0
DA:646,0
DA:651,0
DA:652,0
DA:654,0
DA:655,0
DA:656,0
DA:659,0
DA:660,0
DA:661,0
DA:664,0
DA:672,0
DA:673,0
DA:676,0
DA:677,0
DA:680,0
DA:682,0
DA:686,0
DA:690,0
DA:691,0
DA:692,0
DA:693,0
DA:696,0
DA:699,0
DA:707,0
DA:710,0
DA:712,0
DA:715,0
DA:716,0
DA:717,0
DA:718,0
DA:719,0
DA:722,0
DA:723,0
DA:724,0
DA:726,0
DA:727,0
DA:728,0
DA:732,0
DA:734,0
DA:737,0
DA:743,0
DA:744,0
DA:746,0
DA:748,0
DA:749,0
DA:751,0
DA:752,0
DA:755,0
DA:756,0
DA:758,0
DA:759,0
DA:763,0
DA:764,0
DA:766,0
DA:767,0
DA:768,0
DA:769,0
DA:772,0
DA:773,0
DA:775,0
DA:778,0
DA:782,0
DA:787,0
DA:788,0
DA:789,0
DA:790,0
DA:793,0
DA:795,0
DA:798,0
DA:804,0
DA:805,0
DA:806,0
DA:812,0
DA:813,0
DA:816,0
DA:817,0
DA:818,0
DA:819,0
DA:820,0
DA:821,0
DA:822,0
DA:825,0
DA:826,0
DA:829,0
DA:831,0
DA:834,0
DA:837,0
DA:845,0
DA:846,0
DA:847,0
DA:850,0
DA:854,0
DA:857,0
DA:860,0
DA:866,0
DA:868,0
DA:871,0
DA:874,0
DA:877,0
DA:878,0
DA:880,0
DA:881,0
DA:882,0
DA:885,0
DA:886,0
DA:888,0
DA:889,0
DA:890,0
DA:893,0
DA:894,0
DA:895,0
DA:899,0
DA:900,0
DA:901,0
DA:902,0
DA:906,0
DA:907,0
DA:908,0
DA:911,0
DA:912,0
DA:913,0
DA:917,0
DA:918,0
DA:919,0
DA:924,0
DA:931,0
DA:934,0
DA:935,0
DA:936,0
DA:942,0
DA:943,0
DA:947,0
DA:948,0
DA:949,0
DA:956,0
DA:958,0
DA:960,0
DA:966,0
DA:969,0
DA:972,0
DA:974,0
DA:975,0
DA:976,0
DA:978,0
DA:979,0
DA:980,0
DA:981,0
DA:983,0
DA:985,0
DA:986,0
DA:987,0
DA:989,0
DA:991,0
DA:992,0
DA:995,0
DA:999,0
DA:1001,0
DA:1002,0
DA:1007,0
DA:1008,0
DA:1010,0
DA:1014,0
DA:1016,0
DA:1017,0
DA:1018,0
DA:1019,0
DA:1025,0
DA:1032,0
DA:1034,0
DA:1042,0
DA:1043,0
DA:1045,0
DA:1046,0
DA:1047,0
DA:1050,0
DA:1051,0
DA:1053,0
DA:1054,0
DA:1055,0
DA:1058,0
DA:1059,0
DA:1060,0
DA:1064,0
DA:1065,0
DA:1066,0
DA:1067,0
DA:1071,0
DA:1072,0
DA:1073,0
DA:1076,0
DA:1077,0
DA:1080,0
DA:1084,0
DA:1085,0
DA:1086,0
DA:1088,0
DA:1089,0
DA:1091,0
DA:1092,0
DA:1094,0
DA:1095,0
DA:1097,0
DA:1098,0
DA:1100,0
DA:1103,0
DA:1104,0
DA:1107,0
DA:1108,0
DA:1111,0
DA:1114,0
DA:1115,0
DA:1119,0
DA:1120,0
DA:1121,0
DA:1125,0
DA:1126,0
DA:1127,0
DA:1129,0
DA:1130,0
DA:1133,0
DA:1140,0
DA:1141,0
DA:1142,0
DA:1145,0
DA:1151,0
DA:1152,0
DA:1156,0
DA:1157,0
DA:1159,0
DA:1160,0
DA:1162,0
DA:1163,0
DA:1164,0
DA:1166,0
DA:1168,0
DA:1169,0
DA:1170,0
DA:1178,0
DA:1181,0
DA:1182,0
DA:1184,0
DA:1187,0
DA:1190,0
DA:1192,0
DA:1193,0
DA:1196,0
DA:1197,0
DA:1202,0
DA:1204,0
DA:1206,0
DA:1214,0
DA:1215,0
DA:1216,0
DA:1218,0
DA:1219,0
DA:1220,0
DA:1224,0
DA:1225,0
DA:1226,0
DA:1229,0
DA:1230,0
DA:1233,0
DA:1237,0
DA:1242,0
DA:1245,0
DA:1247,0
DA:1249,0
DA:1257,0
DA:1258,0
DA:1259,0
DA:1260,0
DA:1261,0
DA:1262,0
DA:1263,0
DA:1264,0
DA:1265,0
DA:1267,0
DA:1268,0
DA:1269,0
DA:1270,0
DA:1271,0
DA:1272,0
DA:1275,0
DA:1280,0
DA:1283,0
DA:1286,0
DA:1287,0
DA:1289,0
DA:1292,0
DA:1293,0
DA:1296,0
DA:1297,0
DA:1300,0
DA:1306,0
DA:1309,0
DA:1310,0
DA:1311,0
DA:1312,0
DA:1313,0
DA:1314,0
DA:1317,0
DA:1319,0
DA:1320,0
DA:1322,0
DA:1326,0
DA:1329,0
DA:1330,0
DA:1331,0
DA:1332,0
DA:1334,0
DA:1335,0
DA:1336,0
DA:1343,0
DA:1344,0
DA:1345,0
LF:535
LH:0
BRDA:82,0,0,0
BRDA:82,0,1,0
BRDA:82,1,0,0
BRDA:82,1,1,0
BRDA:82,1,2,0
BRDA:82,1,3,0
BRDA:98,2,0,0
BRDA:98,2,1,0
BRDA:100,3,0,0
BRDA:100,3,1,0
BRDA:107,4,0,0
BRDA:107,4,1,0
BRDA:107,5,0,0
BRDA:107,5,1,0
BRDA:108,6,0,0
BRDA:108,6,1,0
BRDA:110,7,0,0
BRDA:110,7,1,0
BRDA:116,8,0,0
BRDA:116,8,1,0
BRDA:131,9,0,0
BRDA:131,9,1,0
BRDA:131,10,0,0
BRDA:131,10,1,0
BRDA:132,11,0,0
BRDA:132,11,1,0
BRDA:134,12,0,0
BRDA:134,12,1,0
BRDA:155,13,0,0
BRDA:155,13,1,0
BRDA:157,14,0,0
BRDA:157,14,1,0
BRDA:159,15,0,0
BRDA:159,15,1,0
BRDA:161,16,0,0
BRDA:161,16,1,0
BRDA:163,17,0,0
BRDA:163,17,1,0
BRDA:193,18,0,0
BRDA:193,18,1,0
BRDA:209,19,0,0
BRDA:209,19,1,0
BRDA:209,20,0,0
BRDA:209,20,1,0
BRDA:326,21,0,0
BRDA:326,21,1,0
BRDA:326,22,0,0
BRDA:326,22,1,0
BRDA:335,23,0,0
BRDA:335,23,1,0
BRDA:364,24,0,0
BRDA:366,25,0,0
BRDA:366,25,1,0
BRDA:371,26,0,0
BRDA:371,26,1,0
BRDA:386,27,0,0
BRDA:386,27,1,0
BRDA:390,28,0,0
BRDA:390,28,1,0
BRDA:393,29,0,0
BRDA:393,29,1,0
BRDA:396,30,0,0
BRDA:396,30,1,0
BRDA:401,31,0,0
BRDA:401,31,1,0
BRDA:404,32,0,0
BRDA:404,32,1,0
BRDA:407,33,0,0
BRDA:407,33,1,0
BRDA:430,34,0,0
BRDA:430,34,1,0
BRDA:481,35,0,0
BRDA:481,35,1,0
BRDA:490,36,0,0
BRDA:490,36,1,0
BRDA:497,37,0,0
BRDA:497,37,1,0
BRDA:529,38,0,0
BRDA:529,38,1,0
BRDA:531,39,0,0
BRDA:531,39,1,0
BRDA:545,40,0,0
BRDA:545,40,1,0
BRDA:553,41,0,0
BRDA:553,41,1,0
BRDA:568,42,0,0
BRDA:568,42,1,0
BRDA:568,43,0,0
BRDA:568,43,1,0
BRDA:578,44,0,0
BRDA:578,44,1,0
BRDA:578,45,0,0
BRDA:578,45,1,0
BRDA:585,46,0,0
BRDA:585,46,1,0
BRDA:585,47,0,0
BRDA:585,47,1,0
BRDA:598,48,0,0
BRDA:598,48,1,0
BRDA:612,49,0,0
BRDA:612,49,1,0
BRDA:612,49,2,0
BRDA:612,49,3,0
BRDA:617,50,0,0
BRDA:617,50,1,0
BRDA:617,51,0,0
BRDA:617,51,1,0
BRDA:622,52,0,0
BRDA:622,52,1,0
BRDA:628,53,0,0
BRDA:628,53,1,0
BRDA:631,54,0,0
BRDA:631,54,1,0
BRDA:654,55,0,0
BRDA:654,55,1,0
BRDA:672,56,0,0
BRDA:672,56,1,0
BRDA:690,57,0,0
BRDA:690,57,1,0
BRDA:692,58,0,0
BRDA:692,58,1,0
BRDA:722,59,0,0
BRDA:722,59,1,0
BRDA:726,60,0,0
BRDA:726,60,1,0
BRDA:746,61,0,0
BRDA:746,61,1,0
BRDA:749,62,0,0
BRDA:749,62,1,0
BRDA:751,63,0,0
BRDA:751,63,1,0
BRDA:751,64,0,0
BRDA:751,64,1,0
BRDA:758,65,0,0
BRDA:758,65,1,0
BRDA:758,66,0,0
BRDA:758,66,1,0
BRDA:766,67,0,0
BRDA:766,67,1,0
BRDA:766,68,0,0
BRDA:766,68,1,0
BRDA:787,69,0,0
BRDA:787,69,1,0
BRDA:787,70,0,0
BRDA:787,70,1,0
BRDA:804,71,0,0
BRDA:804,71,1,0
BRDA:831,72,0,0
BRDA:831,72,1,0
BRDA:834,73,0,0
BRDA:834,73,1,0
BRDA:845,74,0,0
BRDA:845,74,1,0
BRDA:850,75,0,0
BRDA:850,75,1,0
BRDA:850,76,0,0
BRDA:850,76,1,0
BRDA:863,77,0,0
BRDA:863,77,1,0
BRDA:880,78,0,0
BRDA:880,78,1,0
BRDA:880,79,0,0
BRDA:880,79,1,0
BRDA:888,80,0,0
BRDA:888,80,1,0
BRDA:893,81,0,0
BRDA:893,81,1,0
BRDA:893,82,0,0
BRDA:893,82,1,0
BRDA:900,83,0,0
BRDA:900,83,1,0
BRDA:906,84,0,0
BRDA:906,84,1,0
BRDA:911,85,0,0
BRDA:911,85,1,0
BRDA:917,86,0,0
BRDA:917,86,1,0
BRDA:924,87,0,0
BRDA:924,87,1,0
BRDA:925,88,0,0
BRDA:925,88,1,0
BRDA:925,88,2,0
BRDA:925,88,3,0
BRDA:925,88,4,0
BRDA:935,89,0,0
BRDA:935,89,1,0
BRDA:960,90,0,0
BRDA:960,90,1,0
BRDA:961,91,0,0
BRDA:961,91,1,0
BRDA:961,91,2,0
BRDA:961,91,3,0
BRDA:972,92,0,0
BRDA:972,92,1,0
BRDA:974,93,0,0
BRDA:974,93,1,0
BRDA:974,94,0,0
BRDA:974,94,1,0
BRDA:976,95,0,0
BRDA:976,95,1,0
BRDA:976,95,2,0
BRDA:978,96,0,0
BRDA:978,96,1,0
BRDA:983,97,0,0
BRDA:983,97,1,0
BRDA:989,98,0,0
BRDA:989,98,1,0
BRDA:989,99,0,0
BRDA:989,99,1,0
BRDA:999,100,0,0
BRDA:999,100,1,0
BRDA:1007,101,0,0
BRDA:1007,101,1,0
BRDA:1019,102,0,0
BRDA:1019,102,1,0
BRDA:1020,103,0,0
BRDA:1020,103,1,0
BRDA:1020,103,2,0
BRDA:1020,103,3,0
BRDA:1045,104,0,0
BRDA:1045,104,1,0
BRDA:1045,105,0,0
BRDA:1045,105,1,0
BRDA:1053,106,0,0
BRDA:1053,106,1,0
BRDA:1058,107,0,0
BRDA:1058,107,1,0
BRDA:1058,108,0,0
BRDA:1058,108,1,0
BRDA:1065,109,0,0
BRDA:1065,109,1,0
BRDA:1071,110,0,0
BRDA:1071,110,1,0
BRDA:1076,111,0,0
BRDA:1076,111,1,0
BRDA:1086,112,0,0
BRDA:1086,112,1,0
BRDA:1086,112,2,0
BRDA:1086,112,3,0
BRDA:1086,112,4,0
BRDA:1107,113,0,0
BRDA:1107,113,1,0
BRDA:1107,114,0,0
BRDA:1107,114,1,0
BRDA:1107,114,2,0
BRDA:1107,114,3,0
BRDA:1114,115,0,0
BRDA:1114,115,1,0
BRDA:1119,116,0,0
BRDA:1119,116,1,0
BRDA:1119,117,0,0
BRDA:1119,117,1,0
BRDA:1125,118,0,0
BRDA:1125,118,1,0
BRDA:1127,119,0,0
BRDA:1127,119,1,0
BRDA:1127,119,2,0
BRDA:1129,120,0,0
BRDA:1129,120,1,0
BRDA:1145,121,0,0
BRDA:1145,121,1,0
BRDA:1146,122,0,0
BRDA:1146,122,1,0
BRDA:1146,122,2,0
BRDA:1146,122,3,0
BRDA:1156,123,0,0
BRDA:1156,123,1,0
BRDA:1159,124,0,0
BRDA:1159,124,1,0
BRDA:1159,125,0,0
BRDA:1159,125,1,0
BRDA:1160,126,0,0
BRDA:1160,126,1,0
BRDA:1160,127,0,0
BRDA:1160,127,1,0
BRDA:1164,128,0,0
BRDA:1164,128,1,0
BRDA:1164,129,0,0
BRDA:1164,129,1,0
BRDA:1169,130,0,0
BRDA:1169,130,1,0
BRDA:1182,131,0,0
BRDA:1182,131,1,0
BRDA:1190,132,0,0
BRDA:1190,132,1,0
BRDA:1196,133,0,0
BRDA:1196,133,1,0
BRDA:1218,134,0,0
BRDA:1218,134,1,0
BRDA:1224,135,0,0
BRDA:1224,135,1,0
BRDA:1229,136,0,0
BRDA:1229,136,1,0
BRDA:1260,137,0,0
BRDA:1260,137,1,0
BRDA:1267,138,0,0
BRDA:1267,138,1,0
BRDA:1296,139,0,0
BRDA:1296,139,1,0
BRDA:1296,140,0,0
BRDA:1296,140,1,0
BRDA:1309,141,0,0
BRDA:1309,141,1,0
BRDA:1330,142,0,0
BRDA:1330,142,1,0
BRDA:1330,143,0,0
BRDA:1330,143,1,0
BRDA:1343,144,0,0
BRDA:1343,144,1,0
BRF:309
BRH:0
end_of_record
