TN:
SF:server.js
FN:73,loadTilemapFromFile
FN:83,parseTilemapToGameLogic
FN:184,detectContentBounds
FN:381,getCurrentMap
FN:407,createDefaultMap
FN:421,loadNewMap
FN:456,(anonymous_6)
FN:464,(anonymous_7)
FN:467,(anonymous_8)
FN:470,(anonymous_9)
FN:493,ensureSafeStartingPositions
FN:500,(anonymous_11)
FN:551,findSafeStartingPositions
FN:592,updateStartingPositionsForMap
FN:602,findAvailablePlayerSlot
FN:612,getConnectedPlayerCount
FN:617,createCustomizedGameState
FN:652,broadcastCustomizedGameState
FN:695,isAdjacent
FN:702,checkDoorWinCondition
FN:714,(anonymous_20)
FN:723,(anonymous_21)
FN:736,assignRandomItems
FN:757,advanceToNextLevel
FN:776,(anonymous_24)
FN:829,(anonymous_25)
FN:837,checkWinCondition
FN:867,(anonymous_27)
FN:881,startGame
FN:901,calculateDistance
FN:905,findNearestPlayer
FN:925,moveSlimeToward
FN:965,(anonymous_32)
FN:972,(anonymous_33)
FN:985,updateSlimes
FN:992,(anonymous_35)
FN:1068,(anonymous_36)
FN:1098,updateSnail
FN:1107,(anonymous_38)
FN:1175,switchTurn
FN:1184,(anonymous_40)
FN:1212,(anonymous_41)
FN:1266,(anonymous_42)
FN:1365,(anonymous_43)
FN:1387,(anonymous_44)
FN:1454,(anonymous_45)
FN:1539,(anonymous_46)
FN:1553,(anonymous_47)
FN:1566,(anonymous_48)
FN:1587,(anonymous_49)
FN:1592,(anonymous_50)
FN:1634,(anonymous_51)
FN:1696,(anonymous_52)
FN:1738,(anonymous_53)
FN:1816,(anonymous_54)
FN:1848,(anonymous_55)
FN:1891,(anonymous_56)
FN:1893,(anonymous_57)
FN:1911,(anonymous_58)
FN:1934,(anonymous_59)
FN:1976,(anonymous_60)
FN:1982,(anonymous_61)
FN:2022,(anonymous_62)
FN:2037,(anonymous_63)
FN:2044,startContinuousSnailMovement
FN:2051,(anonymous_65)
FN:2062,stopContinuousSnailMovement
FNF:67
FNH:0
FNDA:0,loadTilemapFromFile
FNDA:0,parseTilemapToGameLogic
FNDA:0,detectContentBounds
FNDA:0,getCurrentMap
FNDA:0,createDefaultMap
FNDA:0,loadNewMap
FNDA:0,(anonymous_6)
FNDA:0,(anonymous_7)
FNDA:0,(anonymous_8)
FNDA:0,(anonymous_9)
FNDA:0,ensureSafeStartingPositions
FNDA:0,(anonymous_11)
FNDA:0,findSafeStartingPositions
FNDA:0,updateStartingPositionsForMap
FNDA:0,findAvailablePlayerSlot
FNDA:0,getConnectedPlayerCount
FNDA:0,createCustomizedGameState
FNDA:0,broadcastCustomizedGameState
FNDA:0,isAdjacent
FNDA:0,checkDoorWinCondition
FNDA:0,(anonymous_20)
FNDA:0,(anonymous_21)
FNDA:0,assignRandomItems
FNDA:0,advanceToNextLevel
FNDA:0,(anonymous_24)
FNDA:0,(anonymous_25)
FNDA:0,checkWinCondition
FNDA:0,(anonymous_27)
FNDA:0,startGame
FNDA:0,calculateDistance
FNDA:0,findNearestPlayer
FNDA:0,moveSlimeToward
FNDA:0,(anonymous_32)
FNDA:0,(anonymous_33)
FNDA:0,updateSlimes
FNDA:0,(anonymous_35)
FNDA:0,(anonymous_36)
FNDA:0,updateSnail
FNDA:0,(anonymous_38)
FNDA:0,switchTurn
FNDA:0,(anonymous_40)
FNDA:0,(anonymous_41)
FNDA:0,(anonymous_42)
FNDA:0,(anonymous_43)
FNDA:0,(anonymous_44)
FNDA:0,(anonymous_45)
FNDA:0,(anonymous_46)
FNDA:0,(anonymous_47)
FNDA:0,(anonymous_48)
FNDA:0,(anonymous_49)
FNDA:0,(anonymous_50)
FNDA:0,(anonymous_51)
FNDA:0,(anonymous_52)
FNDA:0,(anonymous_53)
FNDA:0,(anonymous_54)
FNDA:0,(anonymous_55)
FNDA:0,(anonymous_56)
FNDA:0,(anonymous_57)
FNDA:0,(anonymous_58)
FNDA:0,(anonymous_59)
FNDA:0,(anonymous_60)
FNDA:0,(anonymous_61)
FNDA:0,(anonymous_62)
FNDA:0,(anonymous_63)
FNDA:0,startContinuousSnailMovement
FNDA:0,(anonymous_65)
FNDA:0,stopContinuousSnailMovement
DA:1,0
DA:2,0
DA:3,0
DA:4,0
DA:5,0
DA:6,0
DA:8,0
DA:9,0
DA:12,0
DA:18,0
DA:21,0
DA:26,0
DA:29,0
DA:33,0
DA:74,0
DA:75,0
DA:76,0
DA:78,0
DA:79,0
DA:84,0
DA:85,0
DA:86,0
DA:87,0
DA:90,0
DA:91,0
DA:92,0
DA:95,0
DA:96,0
DA:100,0
DA:101,0
DA:103,0
DA:105,0
DA:106,0
DA:107,0
DA:108,0
DA:110,0
DA:111,0
DA:113,0
DA:114,0
DA:119,0
DA:121,0
DA:122,0
DA:123,0
DA:124,0
DA:126,0
DA:127,0
DA:128,0
DA:129,0
DA:130,0
DA:131,0
DA:133,0
DA:134,0
DA:136,0
DA:137,0
DA:148,0
DA:151,0
DA:152,0
DA:153,0
DA:154,0
DA:155,0
DA:156,0
DA:169,0
DA:172,0
DA:178,0
DA:179,0
DA:185,0
DA:186,0
DA:187,0
DA:188,0
DA:191,0
DA:192,0
DA:193,0
DA:195,0
DA:196,0
DA:197,0
DA:198,0
DA:199,0
DA:205,0
DA:206,0
DA:207,0
DA:208,0
DA:211,0
DA:212,0
DA:215,0
DA:226,0
DA:360,0
DA:363,0
DA:364,0
DA:367,0
DA:372,0
DA:382,0
DA:383,0
DA:384,0
DA:385,0
DA:386,0
DA:387,0
DA:391,0
DA:392,0
DA:394,0
DA:395,0
DA:396,0
DA:398,0
DA:400,0
DA:401,0
DA:402,0
DA:408,0
DA:423,0
DA:424,0
DA:427,0
DA:428,0
DA:429,0
DA:430,0
DA:434,0
DA:437,0
DA:438,0
DA:439,0
DA:440,0
DA:443,0
DA:444,0
DA:445,0
DA:448,0
DA:452,0
DA:453,0
DA:455,0
DA:456,0
DA:458,0
DA:459,0
DA:463,0
DA:464,0
DA:466,0
DA:467,0
DA:469,0
DA:470,0
DA:475,0
DA:476,0
DA:477,0
DA:479,0
DA:484,0
DA:487,0
DA:489,0
DA:494,0
DA:496,0
DA:497,0
DA:499,0
DA:500,0
DA:501,0
DA:506,0
DA:507,0
DA:509,0
DA:513,0
DA:517,0
DA:545,0
DA:552,0
DA:553,0
DA:555,0
DA:556,0
DA:559,0
DA:562,0
DA:563,0
DA:564,0
DA:566,0
DA:571,0
DA:573,0
DA:574,0
DA:576,0
DA:582,0
DA:583,0
DA:584,0
DA:593,0
DA:594,0
DA:596,0
DA:603,0
DA:604,0
DA:605,0
DA:606,0
DA:608,0
DA:613,0
DA:618,0
DA:619,0
DA:620,0
DA:621,0
DA:624,0
DA:631,0
DA:632,0
DA:639,0
DA:643,0
DA:644,0
DA:646,0
DA:647,0
DA:653,0
DA:654,0
DA:655,0
DA:656,0
DA:659,0
DA:660,0
DA:662,0
DA:663,0
DA:664,0
DA:665,0
DA:666,0
DA:667,0
DA:670,0
DA:671,0
DA:672,0
DA:673,0
DA:675,0
DA:676,0
DA:679,0
DA:680,0
DA:684,0
DA:685,0
DA:690,0
DA:696,0
DA:697,0
DA:698,0
DA:703,0
DA:704,0
DA:707,0
DA:708,0
DA:709,0
DA:713,0
DA:714,0
DA:717,0
DA:718,0
DA:719,0
DA:720,0
DA:723,0
DA:724,0
DA:728,0
DA:729,0
DA:732,0
DA:737,0
DA:738,0
DA:740,0
DA:742,0
DA:743,0
DA:746,0
DA:747,0
DA:748,0
DA:751,0
DA:759,0
DA:761,0
DA:764,0
DA:773,0
DA:776,0
DA:777,0
DA:780,0
DA:781,0
DA:782,0
DA:783,0
DA:784,0
DA:785,0
DA:788,0
DA:789,0
DA:790,0
DA:793,0
DA:794,0
DA:795,0
DA:797,0
DA:798,0
DA:799,0
DA:803,0
DA:805,0
DA:808,0
DA:810,0
DA:812,0
DA:815,0
DA:816,0
DA:817,0
DA:826,0
DA:829,0
DA:830,0
DA:831,0
DA:838,0
DA:839,0
DA:841,0
DA:843,0
DA:844,0
DA:846,0
DA:847,0
DA:850,0
DA:851,0
DA:853,0
DA:854,0
DA:858,0
DA:859,0
DA:861,0
DA:862,0
DA:863,0
DA:864,0
DA:867,0
DA:868,0
DA:870,0
DA:873,0
DA:877,0
DA:882,0
DA:883,0
DA:884,0
DA:885,0
DA:888,0
DA:891,0
DA:893,0
DA:896,0
DA:902,0
DA:906,0
DA:907,0
DA:908,0
DA:911,0
DA:912,0
DA:914,0
DA:915,0
DA:916,0
DA:917,0
DA:918,0
DA:922,0
DA:926,0
DA:927,0
DA:930,0
DA:931,0
DA:934,0
DA:935,0
DA:936,0
DA:937,0
DA:938,0
DA:939,0
DA:940,0
DA:941,0
DA:942,0
DA:943,0
DA:944,0
DA:945,0
DA:946,0
DA:950,0
DA:951,0
DA:954,0
DA:955,0
DA:960,0
DA:964,0
DA:965,0
DA:966,0
DA:967,0
DA:972,0
DA:973,0
DA:974,0
DA:978,0
DA:979,0
DA:980,0
DA:981,0
DA:982,0
DA:986,0
DA:987,0
DA:990,0
DA:992,0
DA:993,0
DA:996,0
DA:997,0
DA:998,0
DA:1000,0
DA:1001,0
DA:1002,0
DA:1004,0
DA:1007,0
DA:1009,0
DA:1010,0
DA:1011,0
DA:1012,0
DA:1014,0
DA:1016,0
DA:1017,0
DA:1018,0
DA:1019,0
DA:1022,0
DA:1023,0
DA:1024,0
DA:1025,0
DA:1026,0
DA:1029,0
DA:1030,0
DA:1034,0
DA:1041,0
DA:1042,0
DA:1045,0
DA:1048,0
DA:1051,0
DA:1052,0
DA:1053,0
DA:1058,0
DA:1060,0
DA:1065,0
DA:1067,0
DA:1068,0
DA:1069,0
DA:1070,0
DA:1073,0
DA:1074,0
DA:1075,0
DA:1079,0
DA:1080,0
DA:1081,0
DA:1082,0
DA:1084,0
DA:1085,0
DA:1086,0
DA:1089,0
DA:1094,0
DA:1099,0
DA:1100,0
DA:1103,0
DA:1106,0
DA:1107,0
DA:1108,0
DA:1109,0
DA:1112,0
DA:1116,0
DA:1117,0
DA:1120,0
DA:1121,0
DA:1122,0
DA:1128,0
DA:1130,0
DA:1133,0
DA:1137,0
DA:1138,0
DA:1140,0
DA:1142,0
DA:1149,0
DA:1152,0
DA:1153,0
DA:1156,0
DA:1165,0
DA:1166,0
DA:1169,0
DA:1170,0
DA:1176,0
DA:1177,0
DA:1178,0
DA:1183,0
DA:1184,0
DA:1185,0
DA:1190,0
DA:1195,0
DA:1199,0
DA:1200,0
DA:1203,0
DA:1204,0
DA:1205,0
DA:1206,0
DA:1207,0
DA:1208,0
DA:1209,0
DA:1212,0
DA:1213,0
DA:1216,0
DA:1218,0
DA:1221,0
DA:1224,0
DA:1234,0
DA:1235,0
DA:1236,0
DA:1239,0
DA:1243,0
DA:1246,0
DA:1249,0
DA:1255,0
DA:1257,0
DA:1260,0
DA:1263,0
DA:1266,0
DA:1267,0
DA:1269,0
DA:1270,0
DA:1271,0
DA:1274,0
DA:1275,0
DA:1277,0
DA:1278,0
DA:1279,0
DA:1282,0
DA:1283,0
DA:1284,0
DA:1288,0
DA:1289,0
DA:1290,0
DA:1291,0
DA:1295,0
DA:1296,0
DA:1297,0
DA:1300,0
DA:1301,0
DA:1302,0
DA:1306,0
DA:1307,0
DA:1308,0
DA:1313,0
DA:1320,0
DA:1323,0
DA:1324,0
DA:1325,0
DA:1331,0
DA:1332,0
DA:1336,0
DA:1337,0
DA:1338,0
DA:1345,0
DA:1347,0
DA:1349,0
DA:1355,0
DA:1358,0
DA:1361,0
DA:1363,0
DA:1364,0
DA:1365,0
DA:1367,0
DA:1368,0
DA:1369,0
DA:1370,0
DA:1375,0
DA:1380,0
DA:1385,0
DA:1386,0
DA:1387,0
DA:1389,0
DA:1390,0
DA:1391,0
DA:1392,0
DA:1394,0
DA:1396,0
DA:1397,0
DA:1398,0
DA:1403,0
DA:1405,0
DA:1406,0
DA:1408,0
DA:1409,0
DA:1413,0
DA:1414,0
DA:1419,0
DA:1420,0
DA:1422,0
DA:1426,0
DA:1428,0
DA:1429,0
DA:1430,0
DA:1431,0
DA:1437,0
DA:1444,0
DA:1446,0
DA:1454,0
DA:1455,0
DA:1457,0
DA:1458,0
DA:1459,0
DA:1462,0
DA:1463,0
DA:1465,0
DA:1466,0
DA:1467,0
DA:1470,0
DA:1471,0
DA:1472,0
DA:1476,0
DA:1477,0
DA:1478,0
DA:1479,0
DA:1483,0
DA:1484,0
DA:1485,0
DA:1488,0
DA:1489,0
DA:1492,0
DA:1496,0
DA:1497,0
DA:1498,0
DA:1500,0
DA:1501,0
DA:1503,0
DA:1504,0
DA:1506,0
DA:1507,0
DA:1509,0
DA:1510,0
DA:1512,0
DA:1515,0
DA:1516,0
DA:1519,0
DA:1520,0
DA:1523,0
DA:1526,0
DA:1527,0
DA:1531,0
DA:1532,0
DA:1533,0
DA:1537,0
DA:1538,0
DA:1539,0
DA:1541,0
DA:1542,0
DA:1545,0
DA:1550,0
DA:1551,0
DA:1552,0
DA:1553,0
DA:1556,0
DA:1557,0
DA:1558,0
DA:1564,0
DA:1565,0
DA:1566,0
DA:1569,0
DA:1570,0
DA:1571,0
DA:1578,0
DA:1579,0
DA:1580,0
DA:1583,0
DA:1584,0
DA:1587,0
DA:1588,0
DA:1591,0
DA:1592,0
DA:1595,0
DA:1598,0
DA:1599,0
DA:1600,0
DA:1601,0
DA:1603,0
DA:1608,0
DA:1612,0
DA:1617,0
DA:1621,0
DA:1631,0
DA:1632,0
DA:1634,0
DA:1635,0
DA:1636,0
DA:1639,0
DA:1641,0
DA:1643,0
DA:1645,0
DA:1648,0
DA:1651,0
DA:1652,0
DA:1653,0
DA:1654,0
DA:1658,0
DA:1663,0
DA:1664,0
DA:1665,0
DA:1668,0
DA:1669,0
DA:1670,0
DA:1671,0
DA:1674,0
DA:1677,0
DA:1680,0
DA:1683,0
DA:1684,0
DA:1685,0
DA:1691,0
DA:1696,0
DA:1697,0
DA:1698,0
DA:1699,0
DA:1701,0
DA:1709,0
DA:1710,0
DA:1711,0
DA:1713,0
DA:1714,0
DA:1718,0
DA:1719,0
DA:1723,0
DA:1724,0
DA:1729,0
DA:1738,0
DA:1739,0
DA:1744,0
DA:1748,0
DA:1754,0
DA:1755,0
DA:1759,0
DA:1760,0
DA:1762,0
DA:1763,0
DA:1765,0
DA:1766,0
DA:1767,0
DA:1769,0
DA:1771,0
DA:1772,0
DA:1773,0
DA:1781,0
DA:1784,0
DA:1785,0
DA:1786,0
DA:1788,0
DA:1791,0
DA:1794,0
DA:1796,0
DA:1797,0
DA:1800,0
DA:1801,0
DA:1806,0
DA:1807,0
DA:1810,0
DA:1813,0
DA:1816,0
DA:1818,0
DA:1821,0
DA:1822,0
DA:1823,0
DA:1828,0
DA:1829,0
DA:1832,0
DA:1836,0
DA:1838,0
DA:1840,0
DA:1848,0
DA:1849,0
DA:1850,0
DA:1852,0
DA:1853,0
DA:1854,0
DA:1858,0
DA:1859,0
DA:1860,0
DA:1863,0
DA:1864,0
DA:1867,0
DA:1871,0
DA:1876,0
DA:1879,0
DA:1881,0
DA:1883,0
DA:1891,0
DA:1892,0
DA:1893,0
DA:1895,0
DA:1897,0
DA:1898,0
DA:1902,0
DA:1903,0
DA:1904,0
DA:1906,0
DA:1907,0
DA:1910,0
DA:1911,0
DA:1912,0
DA:1916,0
DA:1919,0
DA:1922,0
DA:1925,0
DA:1926,0
DA:1929,0
DA:1934,0
DA:1935,0
DA:1936,0
DA:1939,0
DA:1942,0
DA:1943,0
DA:1944,0
DA:1945,0
DA:1949,0
DA:1950,0
DA:1951,0
DA:1952,0
DA:1958,0
DA:1961,0
DA:1963,0
DA:1965,0
DA:1970,0
DA:1973,0
DA:1976,0
DA:1977,0
DA:1979,0
DA:1982,0
DA:1983,0
DA:1986,0
DA:1987,0
DA:1990,0
DA:1996,0
DA:1999,0
DA:2000,0
DA:2001,0
DA:2002,0
DA:2003,0
DA:2004,0
DA:2007,0
DA:2010,0
DA:2012,0
DA:2013,0
DA:2015,0
DA:2019,0
DA:2022,0
DA:2023,0
DA:2024,0
DA:2025,0
DA:2027,0
DA:2028,0
DA:2029,0
DA:2036,0
DA:2037,0
DA:2038,0
DA:2042,0
DA:2046,0
DA:2047,0
DA:2051,0
DA:2052,0
DA:2053,0
DA:2055,0
DA:2059,0
DA:2063,0
DA:2064,0
DA:2065,0
DA:2066,0
LF:815
LH:0
BRDA:85,0,0,0
BRDA:85,0,1,0
BRDA:85,1,0,0
BRDA:85,1,1,0
BRDA:85,1,2,0
BRDA:85,1,3,0
BRDA:101,2,0,0
BRDA:101,2,1,0
BRDA:103,3,0,0
BRDA:103,3,1,0
BRDA:110,4,0,0
BRDA:110,4,1,0
BRDA:110,5,0,0
BRDA:110,5,1,0
BRDA:111,6,0,0
BRDA:111,6,1,0
BRDA:113,7,0,0
BRDA:113,7,1,0
BRDA:119,8,0,0
BRDA:119,8,1,0
BRDA:133,9,0,0
BRDA:133,9,1,0
BRDA:133,10,0,0
BRDA:133,10,1,0
BRDA:134,11,0,0
BRDA:134,11,1,0
BRDA:136,12,0,0
BRDA:136,12,1,0
BRDA:157,13,0,0
BRDA:157,13,1,0
BRDA:159,14,0,0
BRDA:159,14,1,0
BRDA:161,15,0,0
BRDA:161,15,1,0
BRDA:163,16,0,0
BRDA:163,16,1,0
BRDA:165,17,0,0
BRDA:165,17,1,0
BRDA:195,18,0,0
BRDA:195,18,1,0
BRDA:211,19,0,0
BRDA:211,19,1,0
BRDA:211,20,0,0
BRDA:211,20,1,0
BRDA:383,21,0,0
BRDA:383,21,1,0
BRDA:383,22,0,0
BRDA:383,22,1,0
BRDA:392,23,0,0
BRDA:392,23,1,0
BRDA:421,24,0,0
BRDA:423,25,0,0
BRDA:423,25,1,0
BRDA:428,26,0,0
BRDA:428,26,1,0
BRDA:448,27,0,0
BRDA:448,27,1,0
BRDA:452,28,0,0
BRDA:452,28,1,0
BRDA:455,29,0,0
BRDA:455,29,1,0
BRDA:458,30,0,0
BRDA:458,30,1,0
BRDA:463,31,0,0
BRDA:463,31,1,0
BRDA:466,32,0,0
BRDA:466,32,1,0
BRDA:469,33,0,0
BRDA:469,33,1,0
BRDA:475,34,0,0
BRDA:475,34,1,0
BRDA:499,35,0,0
BRDA:499,35,1,0
BRDA:555,36,0,0
BRDA:555,36,1,0
BRDA:564,37,0,0
BRDA:564,37,1,0
BRDA:571,38,0,0
BRDA:571,38,1,0
BRDA:603,39,0,0
BRDA:603,39,1,0
BRDA:605,40,0,0
BRDA:605,40,1,0
BRDA:619,41,0,0
BRDA:619,41,1,0
BRDA:627,42,0,0
BRDA:627,42,1,0
BRDA:631,43,0,0
BRDA:631,43,1,0
BRDA:654,44,0,0
BRDA:654,44,1,0
BRDA:654,45,0,0
BRDA:654,45,1,0
BRDA:664,46,0,0
BRDA:664,46,1,0
BRDA:664,47,0,0
BRDA:664,47,1,0
BRDA:671,48,0,0
BRDA:671,48,1,0
BRDA:671,49,0,0
BRDA:671,49,1,0
BRDA:684,50,0,0
BRDA:684,50,1,0
BRDA:698,51,0,0
BRDA:698,51,1,0
BRDA:698,51,2,0
BRDA:698,51,3,0
BRDA:703,52,0,0
BRDA:703,52,1,0
BRDA:703,53,0,0
BRDA:703,53,1,0
BRDA:708,54,0,0
BRDA:708,54,1,0
BRDA:714,55,0,0
BRDA:714,55,1,0
BRDA:717,56,0,0
BRDA:717,56,1,0
BRDA:740,57,0,0
BRDA:740,57,1,0
BRDA:742,58,0,0
BRDA:742,58,1,0
BRDA:743,59,0,0
BRDA:743,59,1,0
BRDA:747,60,0,0
BRDA:747,60,1,0
BRDA:748,61,0,0
BRDA:748,61,1,0
BRDA:752,62,0,0
BRDA:752,62,1,0
BRDA:752,63,0,0
BRDA:752,63,1,0
BRDA:759,64,0,0
BRDA:759,64,1,0
BRDA:793,65,0,0
BRDA:793,65,1,0
BRDA:797,66,0,0
BRDA:797,66,1,0
BRDA:810,67,0,0
BRDA:810,67,1,0
BRDA:841,68,0,0
BRDA:841,68,1,0
BRDA:844,69,0,0
BRDA:844,69,1,0
BRDA:846,70,0,0
BRDA:846,70,1,0
BRDA:846,71,0,0
BRDA:846,71,1,0
BRDA:853,72,0,0
BRDA:853,72,1,0
BRDA:853,73,0,0
BRDA:853,73,1,0
BRDA:861,74,0,0
BRDA:861,74,1,0
BRDA:861,75,0,0
BRDA:861,75,1,0
BRDA:882,76,0,0
BRDA:882,76,1,0
BRDA:882,77,0,0
BRDA:882,77,1,0
BRDA:907,78,0,0
BRDA:907,78,1,0
BRDA:916,79,0,0
BRDA:916,79,1,0
BRDA:926,80,0,0
BRDA:926,80,1,0
BRDA:935,81,0,0
BRDA:935,81,1,0
BRDA:938,82,0,0
BRDA:938,82,1,0
BRDA:941,83,0,0
BRDA:941,83,1,0
BRDA:944,84,0,0
BRDA:944,84,1,0
BRDA:950,85,0,0
BRDA:950,85,1,0
BRDA:950,86,0,0
BRDA:950,86,1,0
BRDA:950,86,2,0
BRDA:950,86,3,0
BRDA:955,87,0,0
BRDA:955,87,1,0
BRDA:956,88,0,0
BRDA:956,88,1,0
BRDA:956,88,2,0
BRDA:964,89,0,0
BRDA:964,89,1,0
BRDA:965,90,0,0
BRDA:965,90,1,0
BRDA:965,90,2,0
BRDA:966,91,0,0
BRDA:966,91,1,0
BRDA:972,92,0,0
BRDA:972,92,1,0
BRDA:973,93,0,0
BRDA:973,93,1,0
BRDA:986,94,0,0
BRDA:986,94,1,0
BRDA:986,95,0,0
BRDA:986,95,1,0
BRDA:993,96,0,0
BRDA:993,96,1,0
BRDA:996,97,0,0
BRDA:996,97,1,0
BRDA:996,98,0,0
BRDA:996,98,1,0
BRDA:1000,99,0,0
BRDA:1000,99,1,0
BRDA:1014,100,0,0
BRDA:1014,100,1,0
BRDA:1014,101,0,0
BRDA:1014,101,1,0
BRDA:1014,101,2,0
BRDA:1014,101,3,0
BRDA:1023,102,0,0
BRDA:1023,102,1,0
BRDA:1025,103,0,0
BRDA:1025,103,1,0
BRDA:1029,104,0,0
BRDA:1029,104,1,0
BRDA:1041,105,0,0
BRDA:1041,105,1,0
BRDA:1051,106,0,0
BRDA:1051,106,1,0
BRDA:1065,107,0,0
BRDA:1065,107,1,0
BRDA:1073,108,0,0
BRDA:1073,108,1,0
BRDA:1080,109,0,0
BRDA:1080,109,1,0
BRDA:1085,110,0,0
BRDA:1085,110,1,0
BRDA:1099,111,0,0
BRDA:1099,111,1,0
BRDA:1116,112,0,0
BRDA:1116,112,1,0
BRDA:1121,113,0,0
BRDA:1121,113,1,0
BRDA:1121,114,0,0
BRDA:1121,114,1,0
BRDA:1156,115,0,0
BRDA:1156,115,1,0
BRDA:1157,116,0,0
BRDA:1157,116,1,0
BRDA:1157,116,2,0
BRDA:1157,116,3,0
BRDA:1157,116,4,0
BRDA:1157,116,5,0
BRDA:1176,117,0,0
BRDA:1176,117,1,0
BRDA:1183,118,0,0
BRDA:1183,118,1,0
BRDA:1218,119,0,0
BRDA:1218,119,1,0
BRDA:1221,120,0,0
BRDA:1221,120,1,0
BRDA:1234,121,0,0
BRDA:1234,121,1,0
BRDA:1239,122,0,0
BRDA:1239,122,1,0
BRDA:1239,123,0,0
BRDA:1239,123,1,0
BRDA:1252,124,0,0
BRDA:1252,124,1,0
BRDA:1269,125,0,0
BRDA:1269,125,1,0
BRDA:1269,126,0,0
BRDA:1269,126,1,0
BRDA:1277,127,0,0
BRDA:1277,127,1,0
BRDA:1282,128,0,0
BRDA:1282,128,1,0
BRDA:1282,129,0,0
BRDA:1282,129,1,0
BRDA:1289,130,0,0
BRDA:1289,130,1,0
BRDA:1295,131,0,0
BRDA:1295,131,1,0
BRDA:1300,132,0,0
BRDA:1300,132,1,0
BRDA:1306,133,0,0
BRDA:1306,133,1,0
BRDA:1313,134,0,0
BRDA:1313,134,1,0
BRDA:1314,135,0,0
BRDA:1314,135,1,0
BRDA:1314,135,2,0
BRDA:1314,135,3,0
BRDA:1314,135,4,0
BRDA:1324,136,0,0
BRDA:1324,136,1,0
BRDA:1349,137,0,0
BRDA:1349,137,1,0
BRDA:1350,138,0,0
BRDA:1350,138,1,0
BRDA:1350,138,2,0
BRDA:1350,138,3,0
BRDA:1361,139,0,0
BRDA:1361,139,1,0
BRDA:1363,140,0,0
BRDA:1363,140,1,0
BRDA:1365,141,0,0
BRDA:1365,141,1,0
BRDA:1365,141,2,0
BRDA:1367,142,0,0
BRDA:1367,142,1,0
BRDA:1385,143,0,0
BRDA:1385,143,1,0
BRDA:1387,144,0,0
BRDA:1387,144,1,0
BRDA:1387,144,2,0
BRDA:1389,145,0,0
BRDA:1389,145,1,0
BRDA:1394,146,0,0
BRDA:1394,146,1,0
BRDA:1403,147,0,0
BRDA:1403,147,1,0
BRDA:1405,148,0,0
BRDA:1405,148,1,0
BRDA:1419,149,0,0
BRDA:1419,149,1,0
BRDA:1431,150,0,0
BRDA:1431,150,1,0
BRDA:1432,151,0,0
BRDA:1432,151,1,0
BRDA:1432,151,2,0
BRDA:1432,151,3,0
BRDA:1457,152,0,0
BRDA:1457,152,1,0
BRDA:1457,153,0,0
BRDA:1457,153,1,0
BRDA:1465,154,0,0
BRDA:1465,154,1,0
BRDA:1470,155,0,0
BRDA:1470,155,1,0
BRDA:1470,156,0,0
BRDA:1470,156,1,0
BRDA:1477,157,0,0
BRDA:1477,157,1,0
BRDA:1483,158,0,0
BRDA:1483,158,1,0
BRDA:1488,159,0,0
BRDA:1488,159,1,0
BRDA:1498,160,0,0
BRDA:1498,160,1,0
BRDA:1498,160,2,0
BRDA:1498,160,3,0
BRDA:1498,160,4,0
BRDA:1519,161,0,0
BRDA:1519,161,1,0
BRDA:1519,162,0,0
BRDA:1519,162,1,0
BRDA:1519,162,2,0
BRDA:1519,162,3,0
BRDA:1526,163,0,0
BRDA:1526,163,1,0
BRDA:1531,164,0,0
BRDA:1531,164,1,0
BRDA:1531,165,0,0
BRDA:1531,165,1,0
BRDA:1537,166,0,0
BRDA:1537,166,1,0
BRDA:1539,167,0,0
BRDA:1539,167,1,0
BRDA:1539,167,2,0
BRDA:1541,168,0,0
BRDA:1541,168,1,0
BRDA:1551,169,0,0
BRDA:1551,169,1,0
BRDA:1553,170,0,0
BRDA:1553,170,1,0
BRDA:1553,170,2,0
BRDA:1556,171,0,0
BRDA:1556,171,1,0
BRDA:1564,172,0,0
BRDA:1564,172,1,0
BRDA:1566,173,0,0
BRDA:1566,173,1,0
BRDA:1569,174,0,0
BRDA:1569,174,1,0
BRDA:1583,175,0,0
BRDA:1583,175,1,0
BRDA:1592,176,0,0
BRDA:1592,176,1,0
BRDA:1598,177,0,0
BRDA:1598,177,1,0
BRDA:1599,178,0,0
BRDA:1599,178,1,0
BRDA:1603,179,0,0
BRDA:1603,179,1,0
BRDA:1604,180,0,0
BRDA:1604,180,1,0
BRDA:1631,181,0,0
BRDA:1631,181,1,0
BRDA:1631,182,0,0
BRDA:1631,182,1,0
BRDA:1639,183,0,0
BRDA:1639,183,1,0
BRDA:1642,184,0,0
BRDA:1642,184,1,0
BRDA:1643,185,0,0
BRDA:1643,185,1,0
BRDA:1643,186,0,0
BRDA:1643,186,1,0
BRDA:1651,187,0,0
BRDA:1651,187,1,0
BRDA:1653,188,0,0
BRDA:1653,188,1,0
BRDA:1663,189,0,0
BRDA:1663,189,1,0
BRDA:1663,190,0,0
BRDA:1663,190,1,0
BRDA:1670,191,0,0
BRDA:1670,191,1,0
BRDA:1670,192,0,0
BRDA:1670,192,1,0
BRDA:1683,193,0,0
BRDA:1683,193,1,0
BRDA:1697,194,0,0
BRDA:1697,194,1,0
BRDA:1697,195,0,0
BRDA:1697,195,1,0
BRDA:1709,196,0,0
BRDA:1709,196,1,0
BRDA:1711,197,0,0
BRDA:1711,197,1,0
BRDA:1713,198,0,0
BRDA:1713,198,1,0
BRDA:1713,199,0,0
BRDA:1713,199,1,0
BRDA:1718,200,0,0
BRDA:1718,200,1,0
BRDA:1723,201,0,0
BRDA:1723,201,1,0
BRDA:1748,202,0,0
BRDA:1748,202,1,0
BRDA:1749,203,0,0
BRDA:1749,203,1,0
BRDA:1749,203,2,0
BRDA:1749,203,3,0
BRDA:1759,204,0,0
BRDA:1759,204,1,0
BRDA:1762,205,0,0
BRDA:1762,205,1,0
BRDA:1762,206,0,0
BRDA:1762,206,1,0
BRDA:1763,207,0,0
BRDA:1763,207,1,0
BRDA:1763,208,0,0
BRDA:1763,208,1,0
BRDA:1767,209,0,0
BRDA:1767,209,1,0
BRDA:1767,210,0,0
BRDA:1767,210,1,0
BRDA:1772,211,0,0
BRDA:1772,211,1,0
BRDA:1786,212,0,0
BRDA:1786,212,1,0
BRDA:1786,213,0,0
BRDA:1786,213,1,0
BRDA:1794,214,0,0
BRDA:1794,214,1,0
BRDA:1800,215,0,0
BRDA:1800,215,1,0
BRDA:1806,216,0,0
BRDA:1806,216,1,0
BRDA:1821,217,0,0
BRDA:1821,217,1,0
BRDA:1852,218,0,0
BRDA:1852,218,1,0
BRDA:1858,219,0,0
BRDA:1858,219,1,0
BRDA:1863,220,0,0
BRDA:1863,220,1,0
BRDA:1895,221,0,0
BRDA:1895,221,1,0
BRDA:1895,222,0,0
BRDA:1895,222,1,0
BRDA:1895,222,2,0
BRDA:1904,223,0,0
BRDA:1904,223,1,0
BRDA:1904,224,0,0
BRDA:1904,224,1,0
BRDA:1904,224,2,0
BRDA:1904,224,3,0
BRDA:1910,225,0,0
BRDA:1910,225,1,0
BRDA:1925,226,0,0
BRDA:1925,226,1,0
BRDA:1942,227,0,0
BRDA:1942,227,1,0
BRDA:1949,228,0,0
BRDA:1949,228,1,0
BRDA:1986,229,0,0
BRDA:1986,229,1,0
BRDA:1986,230,0,0
BRDA:1986,230,1,0
BRDA:1999,231,0,0
BRDA:1999,231,1,0
BRDA:2023,232,0,0
BRDA:2023,232,1,0
BRDA:2023,233,0,0
BRDA:2023,233,1,0
BRDA:2036,234,0,0
BRDA:2036,234,1,0
BRDA:2046,235,0,0
BRDA:2046,235,1,0
BRDA:2052,236,0,0
BRDA:2052,236,1,0
BRDA:2052,237,0,0
BRDA:2052,237,1,0
BRDA:2063,238,0,0
BRDA:2063,238,1,0
BRF:512
BRH:0
end_of_record
